{
  "stats": {
    "suites": 1,
    "tests": 1,
    "passes": 0,
    "pending": 0,
    "failures": 1,
    "start": "2020-12-09T03:11:30.935Z",
    "end": "2020-12-09T03:11:43.456Z",
    "duration": 12521,
    "testsRegistered": 1,
    "passPercent": 0,
    "pendingPercent": 0,
    "other": 0,
    "hasOther": false,
    "skipped": 0,
    "hasSkipped": false
  },
  "results": [
    {
      "uuid": "df849437-7b0e-4af8-92c4-2eda4e96ae64",
      "title": "",
      "fullFile": "cypress/integration/test.feature",
      "file": "cypress/integration/test.feature",
      "beforeHooks": [],
      "afterHooks": [],
      "tests": [],
      "suites": [
        {
          "uuid": "6ec20da9-4539-4564-8efe-6cbfb59a6c28",
          "title": "Acessar reportagem do Neymar",
          "fullFile": "",
          "file": "",
          "beforeHooks": [],
          "afterHooks": [],
          "tests": [
            {
              "title": "Realizar acesso a reportagem do Neymar",
              "fullTitle": "Acessar reportagem do Neymar Realizar acesso a reportagem do Neymar",
              "timedOut": null,
              "duration": 12334,
              "state": "failed",
              "speed": null,
              "pass": false,
              "fail": true,
              "pending": false,
              "context": null,
              "code": "const state = window.testState;\nreturn cy\n  .then(() => state.onStartScenario(scenario, indexedSteps))\n  .then(() =>\n    resolveAndRunBeforeHooks.call(this, scenario.tags, state.feature.name)\n  )\n  .then(() =>\n    indexedSteps.forEach((step) =>\n      stepTest.call(this, state, step, rowData)\n    )\n  )\n  .then(() =>\n    resolveAndRunAfterHooks.call(this, scenario.tags, state.feature.name)\n  )\n  .then(() => state.onFinishScenario(scenario));",
              "err": {
                "message": "CypressError: `cy.click()` can only be called on a single element. Your subject contained 13 elements. Pass `{ multiple: true }` if you want to serially click each element.\n\nhttps://on.cypress.io/click",
                "estack": "CypressError: `cy.click()` can only be called on a single element. Your subject contained 13 elements. Pass `{ multiple: true }` if you want to serially click each element.\n\nhttps://on.cypress.io/click\n    at mouseAction (https://globo.com/__cypress/runner/cypress_runner.js:152026:17)\n    at Context.click (https://globo.com/__cypress/runner/cypress_runner.js:152200:14)\n    at Context.<anonymous> (https://globo.com/__cypress/runner/cypress_runner.js:169999:21)\nFrom Your Spec Code:\n    at TestPage.clicarReportagem (https://globo.com/__cypress/tests?p=cypress/integration/test.feature:96:47)\n    at Context.eval (https://globo.com/__cypress/tests?p=cypress/integration/test.feature:127:12)\n    at Context.resolveAndRunStepDefinition (https://globo.com/__cypress/tests?p=cypress/integration/test.feature:11878:9)\n    at Context.eval (https://globo.com/__cypress/tests?p=cypress/integration/test.feature:11219:35)\nFrom Your Spec Code:\n    at TestPage.clicarReportagem (https://globo.com/__cypress/tests?p=cypress/integration/test.feature:96:47)\n    at Context.eval (https://globo.com/__cypress/tests?p=cypress/integration/test.feature:127:12)\n    at Context.resolveAndRunStepDefinition (https://globo.com/__cypress/tests?p=cypress/integration/test.feature:11878:9)\n    at Context.eval (https://globo.com/__cypress/tests?p=cypress/integration/test.feature:11219:35)",
                "diff": null
              },
              "uuid": "31f8ee34-1c30-4d1f-b318-3a72002ca637",
              "parentUUID": "6ec20da9-4539-4564-8efe-6cbfb59a6c28",
              "isHook": false,
              "skipped": false
            }
          ],
          "suites": [],
          "passes": [],
          "failures": [
            "31f8ee34-1c30-4d1f-b318-3a72002ca637"
          ],
          "pending": [],
          "skipped": [],
          "duration": 12334,
          "root": false,
          "rootEmpty": false,
          "_timeout": 2000
        }
      ],
      "passes": [],
      "failures": [],
      "pending": [],
      "skipped": [],
      "duration": 0,
      "root": true,
      "rootEmpty": true,
      "_timeout": 2000
    }
  ],
  "meta": {
    "mocha": {
      "version": "7.0.1"
    },
    "mochawesome": {
      "options": {
        "quiet": false,
        "reportFilename": "mochawesome",
        "saveHtml": true,
        "saveJson": true,
        "consoleReporter": "spec",
        "useInlineDiffs": false,
        "code": true
      },
      "version": "6.2.1"
    },
    "marge": {
      "options": {
        "overwrite": false
      },
      "version": "5.1.0"
    }
  }
}