{
  "stats": {
    "suites": 1,
    "tests": 1,
    "passes": 0,
    "pending": 0,
    "failures": 1,
    "start": "2020-12-10T17:33:37.187Z",
    "end": "2020-12-10T17:34:48.725Z",
    "duration": 71538,
    "testsRegistered": 1,
    "passPercent": 0,
    "pendingPercent": 0,
    "other": 1,
    "hasOther": true,
    "skipped": 0,
    "hasSkipped": false
  },
  "results": [
    {
      "uuid": "2bd4ed40-63a9-4251-8abd-7a41161eb053",
      "title": "",
      "fullFile": "cypress/integration/test.feature",
      "file": "cypress/integration/test.feature",
      "beforeHooks": [],
      "afterHooks": [],
      "tests": [],
      "suites": [
        {
          "uuid": "617516e1-cd1b-490f-8205-a15bf0329618",
          "title": "Acessar reportagem do São Paulo",
          "fullFile": "",
          "file": "",
          "beforeHooks": [],
          "afterHooks": [],
          "tests": [
            {
              "title": "Realizar acesso a reportagem do São Paulo",
              "fullTitle": "Acessar reportagem do São Paulo Realizar acesso a reportagem do São Paulo",
              "timedOut": null,
              "duration": 10457,
              "state": "failed",
              "speed": null,
              "pass": false,
              "fail": true,
              "pending": false,
              "context": null,
              "code": "const state = window.testState;\nreturn cy\n  .then(() => state.onStartScenario(scenario, indexedSteps))\n  .then(() =>\n    resolveAndRunBeforeHooks.call(this, scenario.tags, state.feature.name)\n  )\n  .then(() =>\n    indexedSteps.forEach((step) =>\n      stepTest.call(this, state, step, rowData)\n    )\n  )\n  .then(() =>\n    resolveAndRunAfterHooks.call(this, scenario.tags, state.feature.name)\n  )\n  .then(() => state.onFinishScenario(scenario));",
              "err": {
                "message": "CypressError: Cypress command timeout of `10000ms` exceeded.\n\nBecause this error occurred during a `after all` hook we are skipping the remaining tests in the current suite: `Acessar reportagem do São P...`",
                "estack": "CypressError: Cypress command timeout of `10000ms` exceeded.\n\nBecause this error occurred during a `after all` hook we are skipping the remaining tests in the current suite: `Acessar reportagem do São P...`\n    at cypressErr (https://globo.com/__cypress/runner/cypress_runner.js:172603:18)\n    at Object.errByPath (https://globo.com/__cypress/runner/cypress_runner.js:172654:10)\n    at https://globo.com/__cypress/runner/cypress_runner.js:174268:29",
                "diff": null
              },
              "uuid": "fdc6f404-487a-406c-aa12-a4d906cd40b3",
              "parentUUID": "617516e1-cd1b-490f-8205-a15bf0329618",
              "isHook": false,
              "skipped": false
            }
          ],
          "suites": [],
          "passes": [],
          "failures": [
            "fdc6f404-487a-406c-aa12-a4d906cd40b3"
          ],
          "pending": [],
          "skipped": [],
          "duration": 10457,
          "root": false,
          "rootEmpty": false,
          "_timeout": 2000
        }
      ],
      "passes": [],
      "failures": [],
      "pending": [],
      "skipped": [],
      "duration": 0,
      "root": true,
      "rootEmpty": true,
      "_timeout": 2000
    }
  ],
  "meta": {
    "mocha": {
      "version": "7.0.1"
    },
    "mochawesome": {
      "options": {
        "quiet": false,
        "reportFilename": "mochawesome",
        "saveHtml": true,
        "saveJson": true,
        "consoleReporter": "spec",
        "useInlineDiffs": false,
        "code": true
      },
      "version": "6.2.1"
    },
    "marge": {
      "options": {
        "overwrite": false
      },
      "version": "5.1.0"
    }
  }
}