{
  "stats": {
    "suites": 1,
    "tests": 1,
    "passes": 0,
    "pending": 0,
    "failures": 1,
    "start": "2020-12-10T17:44:49.378Z",
    "end": "2020-12-10T17:46:00.939Z",
    "duration": 71561,
    "testsRegistered": 1,
    "passPercent": 0,
    "pendingPercent": 0,
    "other": 1,
    "hasOther": true,
    "skipped": 0,
    "hasSkipped": false
  },
  "results": [
    {
      "uuid": "98d8fbad-024c-43fd-9e0c-2f18a9d316fe",
      "title": "",
      "fullFile": "cypress/integration/test.feature",
      "file": "cypress/integration/test.feature",
      "beforeHooks": [],
      "afterHooks": [],
      "tests": [],
      "suites": [
        {
          "uuid": "d7f46e75-cb39-40e6-90ab-638aaf8e4c1c",
          "title": "Acessar reportagem do São Paulo",
          "fullFile": "",
          "file": "",
          "beforeHooks": [],
          "afterHooks": [],
          "tests": [
            {
              "title": "Realizar acesso a reportagem do São Paulo",
              "fullTitle": "Acessar reportagem do São Paulo Realizar acesso a reportagem do São Paulo",
              "timedOut": null,
              "duration": 10582,
              "state": "failed",
              "speed": null,
              "pass": false,
              "fail": true,
              "pending": false,
              "context": null,
              "code": "const state = window.testState;\nreturn cy\n  .then(() => state.onStartScenario(scenario, indexedSteps))\n  .then(() =>\n    resolveAndRunBeforeHooks.call(this, scenario.tags, state.feature.name)\n  )\n  .then(() =>\n    indexedSteps.forEach((step) =>\n      stepTest.call(this, state, step, rowData)\n    )\n  )\n  .then(() =>\n    resolveAndRunAfterHooks.call(this, scenario.tags, state.feature.name)\n  )\n  .then(() => state.onFinishScenario(scenario));",
              "err": {
                "message": "CypressError: Cypress command timeout of `10000ms` exceeded.\n\nBecause this error occurred during a `after all` hook we are skipping the remaining tests in the current suite: `Acessar reportagem do São P...`",
                "estack": "CypressError: Cypress command timeout of `10000ms` exceeded.\n\nBecause this error occurred during a `after all` hook we are skipping the remaining tests in the current suite: `Acessar reportagem do São P...`\n    at cypressErr (https://globo.com/__cypress/runner/cypress_runner.js:172603:18)\n    at Object.errByPath (https://globo.com/__cypress/runner/cypress_runner.js:172654:10)\n    at https://globo.com/__cypress/runner/cypress_runner.js:174268:29",
                "diff": null
              },
              "uuid": "38185abd-955a-416c-9c58-7317d1ff08fa",
              "parentUUID": "d7f46e75-cb39-40e6-90ab-638aaf8e4c1c",
              "isHook": false,
              "skipped": false
            }
          ],
          "suites": [],
          "passes": [],
          "failures": [
            "38185abd-955a-416c-9c58-7317d1ff08fa"
          ],
          "pending": [],
          "skipped": [],
          "duration": 10582,
          "root": false,
          "rootEmpty": false,
          "_timeout": 2000
        }
      ],
      "passes": [],
      "failures": [],
      "pending": [],
      "skipped": [],
      "duration": 0,
      "root": true,
      "rootEmpty": true,
      "_timeout": 2000
    }
  ],
  "meta": {
    "mocha": {
      "version": "7.0.1"
    },
    "mochawesome": {
      "options": {
        "quiet": false,
        "reportFilename": "mochawesome",
        "saveHtml": true,
        "saveJson": true,
        "consoleReporter": "spec",
        "useInlineDiffs": false,
        "code": true
      },
      "version": "6.2.1"
    },
    "marge": {
      "options": {
        "overwrite": false
      },
      "version": "5.1.0"
    }
  }
}