{
  "stats": {
    "suites": 1,
    "tests": 1,
    "passes": 1,
    "pending": 0,
    "failures": 0,
    "start": "2020-12-09T02:59:49.656Z",
    "end": "2020-12-09T02:59:59.405Z",
    "duration": 9749,
    "testsRegistered": 1,
    "passPercent": 100,
    "pendingPercent": 0,
    "other": 0,
    "hasOther": false,
    "skipped": 0,
    "hasSkipped": false
  },
  "results": [
    {
      "uuid": "92ae83fc-e0de-4972-acdb-120ad73ab156",
      "title": "",
      "fullFile": "cypress/integration/test.feature",
      "file": "cypress/integration/test.feature",
      "beforeHooks": [],
      "afterHooks": [],
      "tests": [],
      "suites": [
        {
          "uuid": "c745edab-4cc6-41d9-9d6e-a8f0086f4439",
          "title": "Acessar reportagem do São Paulo",
          "fullFile": "",
          "file": "",
          "beforeHooks": [],
          "afterHooks": [],
          "tests": [
            {
              "title": "Realizar acesso a reportagem do São Paulo",
              "fullTitle": "Acessar reportagem do São Paulo Realizar acesso a reportagem do São Paulo",
              "timedOut": null,
              "duration": 9591,
              "state": "passed",
              "speed": "slow",
              "pass": true,
              "fail": false,
              "pending": false,
              "context": null,
              "code": "const state = window.testState;\nreturn cy\n  .then(() => state.onStartScenario(scenario, indexedSteps))\n  .then(() =>\n    resolveAndRunBeforeHooks.call(this, scenario.tags, state.feature.name)\n  )\n  .then(() =>\n    indexedSteps.forEach((step) =>\n      stepTest.call(this, state, step, rowData)\n    )\n  )\n  .then(() =>\n    resolveAndRunAfterHooks.call(this, scenario.tags, state.feature.name)\n  )\n  .then(() => state.onFinishScenario(scenario));",
              "err": {},
              "uuid": "898f05c0-c6e6-4dff-9f14-c1eb50aa831a",
              "parentUUID": "c745edab-4cc6-41d9-9d6e-a8f0086f4439",
              "isHook": false,
              "skipped": false
            }
          ],
          "suites": [],
          "passes": [
            "898f05c0-c6e6-4dff-9f14-c1eb50aa831a"
          ],
          "failures": [],
          "pending": [],
          "skipped": [],
          "duration": 9591,
          "root": false,
          "rootEmpty": false,
          "_timeout": 2000
        }
      ],
      "passes": [],
      "failures": [],
      "pending": [],
      "skipped": [],
      "duration": 0,
      "root": true,
      "rootEmpty": true,
      "_timeout": 2000
    }
  ],
  "meta": {
    "mocha": {
      "version": "7.0.1"
    },
    "mochawesome": {
      "options": {
        "quiet": false,
        "reportFilename": "mochawesome",
        "saveHtml": true,
        "saveJson": true,
        "consoleReporter": "spec",
        "useInlineDiffs": false,
        "code": true
      },
      "version": "6.2.1"
    },
    "marge": {
      "options": {
        "overwrite": false
      },
      "version": "5.1.0"
    }
  }
}